#! /usr/bin/vvp
:ivl_version "10.1 (stable)";
:ivl_delay_selection "TYPICAL";
:vpi_time_precision + 0;
:vpi_module "system";
:vpi_module "vhdl_sys";
:vpi_module "v2005_math";
:vpi_module "va_math";
S_0x55ea9417fca0 .scope module, "dff_tb" "dff_tb" 2 3;
 .timescale 0 0;
v0x55ea941a02e0_0 .var "clk", 0 0;
v0x55ea941a03d0_0 .var "d", 0 0;
v0x55ea941a04a0_0 .net "q", 0 0, v0x55ea941a00a0_0;  1 drivers
v0x55ea941a05a0_0 .net "qbar", 0 0, v0x55ea941a0170_0;  1 drivers
S_0x55ea9417fe20 .scope module, "flipflop" "dff" 2 8, 3 1 0, S_0x55ea9417fca0;
 .timescale 0 0;
    .port_info 0 /INPUT 1 "d"
    .port_info 1 /INPUT 1 "clk"
    .port_info 2 /OUTPUT 1 "q"
    .port_info 3 /OUTPUT 1 "qbar"
P_0x55ea941435e0 .param/l "delay" 0 3 5, +C4<00000000000000000000000000000010>;
P_0x55ea94143620 .param/l "diffdelay" 0 3 5, +C4<00000000000000000000000000000010>;
v0x55ea94180040_0 .net "clk", 0 0, v0x55ea941a02e0_0;  1 drivers
v0x55ea9419ffe0_0 .net "d", 0 0, v0x55ea941a03d0_0;  1 drivers
v0x55ea941a00a0_0 .var "q", 0 0;
v0x55ea941a0170_0 .var "qbar", 0 0;
E_0x55ea94144b40 .event posedge, v0x55ea94180040_0;
    .scope S_0x55ea9417fe20;
T_0 ;
    %wait E_0x55ea94144b40;
    %delay 2, 0;
    %load/vec4 v0x55ea9419ffe0_0;
    %assign/vec4 v0x55ea941a00a0_0, 0;
    %delay 2, 0;
    %load/vec4 v0x55ea9419ffe0_0;
    %nor/r;
    %assign/vec4 v0x55ea941a0170_0, 0;
    %jmp T_0;
    .thread T_0;
    .scope S_0x55ea9417fca0;
T_1 ;
    %vpi_call 2 17 "$monitor", "d = %b, clk = %b, q = %b, qbar = %b", v0x55ea941a03d0_0, v0x55ea941a02e0_0, v0x55ea941a04a0_0, v0x55ea941a05a0_0 {0 0 0};
    %vpi_call 2 18 "$dumpfile", "dff.vcd" {0 0 0};
    %vpi_call 2 19 "$dumpvars", 32'sb00000000000000000000000000000000, S_0x55ea9417fca0 {0 0 0};
    %pushi/vec4 0, 0, 1;
    %store/vec4 v0x55ea941a03d0_0, 0, 1;
    %pushi/vec4 0, 0, 1;
    %store/vec4 v0x55ea941a02e0_0, 0, 1;
    %delay 25, 0;
    %vpi_call 2 22 "$finish" {0 0 0};
    %end;
    .thread T_1;
    .scope S_0x55ea9417fca0;
T_2 ;
    %delay 5, 0;
    %load/vec4 v0x55ea941a02e0_0;
    %inv;
    %store/vec4 v0x55ea941a02e0_0, 0, 1;
    %jmp T_2;
    .thread T_2;
    .scope S_0x55ea9417fca0;
T_3 ;
    %delay 8, 0;
    %load/vec4 v0x55ea941a03d0_0;
    %nor/r;
    %store/vec4 v0x55ea941a03d0_0, 0, 1;
    %delay 2, 0;
    %jmp T_3;
    .thread T_3;
# The file index is used to find the file name in the following table.
:file_names 4;
    "N/A";
    "<interactive>";
    "dff_tb.v";
    "./dff.v";
