#! /usr/bin/vvp
:ivl_version "10.1 (stable)";
:ivl_delay_selection "TYPICAL";
:vpi_time_precision + 0;
:vpi_module "system";
:vpi_module "vhdl_sys";
:vpi_module "v2005_math";
:vpi_module "va_math";
S_0x55bfaac95d90 .scope module, "test" "test" 2 1;
 .timescale 0 0;
v0x55bfaac95f10_0 .var/i "a", 31 0;
    .scope S_0x55bfaac95d90;
T_0 ;
    %vpi_call 2 7 "$monitor", "0b%32b, 0o%o, 0x%4h, 0d%d", v0x55bfaac95f10_0, v0x55bfaac95f10_0, v0x55bfaac95f10_0, v0x55bfaac95f10_0 {0 0 0};
    %delay 1, 0;
    %pushi/vec4 5, 1, 32;
    %store/vec4 v0x55bfaac95f10_0, 0, 32;
    %delay 1, 0;
    %pushi/vec4 1, 0, 32;
    %store/vec4 v0x55bfaac95f10_0, 0, 32;
    %delay 1, 0;
    %pushi/vec4 0, 0, 32;
    %store/vec4 v0x55bfaac95f10_0, 0, 32;
    %delay 1, 0;
    %pushi/vec4 10, 1, 32;
    %store/vec4 v0x55bfaac95f10_0, 0, 32;
    %delay 1, 0;
    %pushi/vec4 4294967294, 0, 32;
    %store/vec4 v0x55bfaac95f10_0, 0, 32;
    %delay 1, 0;
    %pushi/vec4 6, 0, 32;
    %store/vec4 v0x55bfaac95f10_0, 0, 32;
    %end;
    .thread T_0;
# The file index is used to find the file name in the following table.
:file_names 3;
    "N/A";
    "<interactive>";
    "test.v";
