#! /usr/bin/vvp
:ivl_version "10.1 (stable)";
:ivl_delay_selection "TYPICAL";
:vpi_time_precision + 0;
:vpi_module "system";
:vpi_module "vhdl_sys";
:vpi_module "v2005_math";
:vpi_module "va_math";
S_0x55a8572bc8b0 .scope module, "counter_tb" "counter_tb" 2 3;
 .timescale 0 0;
v0x55a8572dcfd0_0 .var "clock", 0 0;
v0x55a8572dd090_0 .var "enable", 0 0;
v0x55a8572dd160_0 .net "out", 7 0, v0x55a8572dcd70_0;  1 drivers
v0x55a8572dd260_0 .var "reset", 0 0;
S_0x55a8572bca30 .scope module, "counter" "counter" 2 8, 3 1 0, S_0x55a8572bc8b0;
 .timescale 0 0;
    .port_info 0 /INPUT 1 "clk"
    .port_info 1 /INPUT 1 "enable"
    .port_info 2 /INPUT 1 "reset"
    .port_info 3 /OUTPUT 8 "out"
v0x55a8572bcc70_0 .net "clk", 0 0, v0x55a8572dcfd0_0;  1 drivers
v0x55a8572dccb0_0 .net "enable", 0 0, v0x55a8572dd090_0;  1 drivers
v0x55a8572dcd70_0 .var "out", 7 0;
v0x55a8572dce60_0 .net "reset", 0 0, v0x55a8572dd260_0;  1 drivers
E_0x55a85727f8e0 .event posedge, v0x55a8572bcc70_0;
    .scope S_0x55a8572bca30;
T_0 ;
    %pushi/vec4 0, 0, 8;
    %store/vec4 v0x55a8572dcd70_0, 0, 8;
    %end;
    .thread T_0;
    .scope S_0x55a8572bca30;
T_1 ;
    %wait E_0x55a85727f8e0;
    %load/vec4 v0x55a8572dce60_0;
    %cmpi/e 1, 0, 1;
    %jmp/0xz  T_1.0, 4;
    %pushi/vec4 0, 0, 8;
    %assign/vec4 v0x55a8572dcd70_0, 0;
    %jmp T_1.1;
T_1.0 ;
    %load/vec4 v0x55a8572dccb0_0;
    %cmpi/e 1, 0, 1;
    %jmp/0xz  T_1.2, 4;
    %load/vec4 v0x55a8572dcd70_0;
    %addi 1, 0, 8;
    %assign/vec4 v0x55a8572dcd70_0, 0;
T_1.2 ;
T_1.1 ;
    %jmp T_1;
    .thread T_1;
    .scope S_0x55a8572bc8b0;
T_2 ;
    %vpi_call 2 11 "$monitor", "%g  : %b, %b, %b, %b", $time, v0x55a8572dcfd0_0, v0x55a8572dd260_0, v0x55a8572dd090_0, v0x55a8572dd160_0 {0 0 0};
    %vpi_call 2 13 "$dumpfile", "counter.vcd" {0 0 0};
    %vpi_call 2 14 "$dumpvars", 32'sb00000000000000000000000000000001, S_0x55a8572bca30 {0 0 0};
    %pushi/vec4 1, 0, 1;
    %store/vec4 v0x55a8572dcfd0_0, 0, 1;
    %pushi/vec4 0, 0, 1;
    %store/vec4 v0x55a8572dd260_0, 0, 1;
    %pushi/vec4 1, 0, 1;
    %store/vec4 v0x55a8572dd090_0, 0, 1;
    %delay 1000, 0;
    %pushi/vec4 1, 0, 1;
    %store/vec4 v0x55a8572dd260_0, 0, 1;
    %delay 100, 0;
    %pushi/vec4 0, 0, 1;
    %store/vec4 v0x55a8572dd090_0, 0, 1;
    %delay 100, 0;
    %vpi_call 2 21 "$finish" {0 0 0};
    %end;
    .thread T_2;
    .scope S_0x55a8572bc8b0;
T_3 ;
    %delay 10, 0;
    %load/vec4 v0x55a8572dcfd0_0;
    %inv;
    %store/vec4 v0x55a8572dcfd0_0, 0, 1;
    %jmp T_3;
    .thread T_3;
# The file index is used to find the file name in the following table.
:file_names 4;
    "N/A";
    "<interactive>";
    "counter_tb.v";
    "./counter.v";
